<?xml version="1.0" encoding="UTF-8"?>
<!-- Generated by org.testng.reporters.JUnitReportReporter -->
<testsuite name="com.qmetry.qaf.automation.step.client.DataDrivenScenario" tests="4" time="50.664" ignored="6" failures="1" timestamp="14 Dec 2018 11:16:22 GMT" skipped="0" hostname="ICPL12616" errors="0">
  <testcase name="Login with invalid username or/and password" time="3.696" classname="com.qmetry.qaf.automation.step.client.DataDrivenScenario"/>
  <testcase name="Login with invalid username or/and password" time="15.031" classname="com.qmetry.qaf.automation.step.client.DataDrivenScenario"/>
  <testcase name="Login with invalid username or/and password" time="4.456" classname="com.qmetry.qaf.automation.step.client.DataDrivenScenario"/>
  <testcase name="Click signon and create user" time="27.481" classname="com.qmetry.qaf.automation.step.client.DataDrivenScenario">
    <failure type="java.lang.AssertionError">
      <![CDATA[java.lang.AssertionError
	at .Then fill details in form '${args[0]}'(scenarios/suite1.bdd:59)
	at com.qmetry.qaf.automation.ui.webdriver.QAFExtendedWebElement.assertText(QAFExtendedWebElement.java:1055)
	at qaf.practice.steps.RegisterUserStep.filldeatilsinform(RegisterUserStep.java:58)
	at com.qmetry.qaf.automation.step.JavaStep.doExecute(JavaStep.java:153)
	at com.qmetry.qaf.automation.step.BaseTestStep.execute(BaseTestStep.java:149)
	at com.qmetry.qaf.automation.step.StringTestStep.execute(StringTestStep.java:134)
	at com.qmetry.qaf.automation.step.client.Scenario.execute(Scenario.java:173)
	at com.qmetry.qaf.automation.step.client.DataDrivenScenario.scenario(DataDrivenScenario.java:95)
]]>
    </failure>
  </testcase> <!-- Click signon and create user -->
  <testcase name="Login with invalid username or/and password" classname="com.qmetry.qaf.automation.step.client.DataDrivenScenario">
    <skipped/>
  </testcase> <!-- Login with invalid username or/and password -->
  <testcase name="Click signon and create user" classname="com.qmetry.qaf.automation.step.client.DataDrivenScenario">
    <skipped/>
  </testcase> <!-- Click signon and create user -->
  <testcase name="afterTest" classname="com.qmetry.qaf.automation.ui.AbstractTestCase">
    <skipped/>
  </testcase> <!-- afterTest -->
  <testcase name="setupTest" classname="com.qmetry.qaf.automation.testng.TestNGTestCase">
    <skipped/>
  </testcase> <!-- setupTest -->
  <testcase name="setupSuit" classname="com.qmetry.qaf.automation.testng.TestNGTestCase">
    <skipped/>
  </testcase> <!-- setupSuit -->
  <testcase name="afterSuit" classname="com.qmetry.qaf.automation.testng.TestNGTestCase">
    <skipped/>
  </testcase> <!-- afterSuit -->
</testsuite> <!-- com.qmetry.qaf.automation.step.client.DataDrivenScenario -->
