<?xml version="1.0" encoding="UTF-8"?>
<!-- Generated by org.testng.reporters.JUnitReportReporter -->
<testsuite name="com.qmetry.qaf.automation.step.client.Scenario" tests="4" time="29.127" ignored="6" failures="0" timestamp="17 Dec 2018 08:03:09 GMT" skipped="0" hostname="ICPL12616" errors="0">
  <testcase name="Logout from Dashboard" time="9.028" classname="com.qmetry.qaf.automation.step.client.Scenario"/>
  <testcase name="Navigate to story page" time="8.737" classname="com.qmetry.qaf.automation.step.client.Scenario"/>
  <testcase name="Login to Dashboard with username and password" time="6.075" classname="com.qmetry.qaf.automation.step.client.Scenario"/>
  <testcase name="Click contact and verify information" time="5.287" classname="com.qmetry.qaf.automation.step.client.Scenario"/>
  <testcase name="Login with invalid username or/and password" classname="com.qmetry.qaf.automation.step.client.DataDrivenScenario">
    <skipped/>
  </testcase> <!-- Login with invalid username or/and password -->
  <testcase name="Click signon and create user" classname="com.qmetry.qaf.automation.step.client.DataDrivenScenario">
    <skipped/>
  </testcase> <!-- Click signon and create user -->
  <testcase name="afterTest" classname="com.qmetry.qaf.automation.ui.AbstractTestCase">
    <skipped/>
  </testcase> <!-- afterTest -->
  <testcase name="setupTest" classname="com.qmetry.qaf.automation.testng.TestNGTestCase">
    <skipped/>
  </testcase> <!-- setupTest -->
  <testcase name="setupSuit" classname="com.qmetry.qaf.automation.testng.TestNGTestCase">
    <skipped/>
  </testcase> <!-- setupSuit -->
  <testcase name="afterSuit" classname="com.qmetry.qaf.automation.testng.TestNGTestCase">
    <skipped/>
  </testcase> <!-- afterSuit -->
</testsuite> <!-- com.qmetry.qaf.automation.step.client.Scenario -->
