<?xml version="1.0" encoding="UTF-8"?>
<!-- Generated by org.testng.reporters.JUnitReportReporter -->
<testsuite name="qaf.example.tests.SampleTest" tests="1" time="0.076" ignored="0" failures="0" timestamp="10 Dec 2018 11:06:35 GMT" skipped="0" hostname="ICPL12616" errors="0">
  <testcase name="testGoogleSearch" time="0.076" classname="qaf.example.tests.SampleTest"/>
</testsuite> <!-- qaf.example.tests.SampleTest -->
