<?xml version="1.0" encoding="UTF-8"?>
<!-- Generated by org.testng.reporters.JUnitReportReporter -->
<testsuite name="com.qmetry.qaf.automation.step.client.Scenario" tests="7" time="335.767" ignored="2" failures="0" timestamp="04 Jan 2019 11:16:44 GMT" skipped="0" hostname="ICPL12616" errors="0">
  <testcase name="Click contact and verify information" time="7.945" classname="com.qmetry.qaf.automation.step.client.Scenario"/>
  <testcase name="Logout from Dashboard" time="68.880" classname="com.qmetry.qaf.automation.step.client.Scenario"/>
  <testcase name="Login to Dashboard with username and password" time="77.760" classname="com.qmetry.qaf.automation.step.client.Scenario"/>
  <testcase name="Logout from Dashboard" time="147.400" classname="com.qmetry.qaf.automation.step.client.Scenario"/>
  <testcase name="Navigate to story page" time="9.239" classname="com.qmetry.qaf.automation.step.client.Scenario"/>
  <testcase name="Login to Dashboard with username and password" time="16.778" classname="com.qmetry.qaf.automation.step.client.Scenario"/>
  <testcase name="Navigate to story page" time="7.765" classname="com.qmetry.qaf.automation.step.client.Scenario"/>
  <testcase name="Login with invalid username or/and password" classname="com.qmetry.qaf.automation.step.client.DataDrivenScenario">
    <skipped/>
  </testcase> <!-- Login with invalid username or/and password -->
  <testcase name="Click signon and create user" classname="com.qmetry.qaf.automation.step.client.DataDrivenScenario">
    <skipped/>
  </testcase> <!-- Click signon and create user -->
</testsuite> <!-- com.qmetry.qaf.automation.step.client.Scenario -->
