<?xml version="1.0" encoding="UTF-8"?>
<!-- Generated by org.testng.reporters.JUnitReportReporter -->
<testsuite name="com.qmetry.qaf.automation.step.client.Scenario" tests="1" time="20.786" ignored="0" failures="0" timestamp="03 Jan 2019 10:26:12 GMT" skipped="0" hostname="ICPL12616" errors="0">
  <testcase name="Login and book a flight" time="20.786" classname="com.qmetry.qaf.automation.step.client.Scenario"/>
</testsuite> <!-- com.qmetry.qaf.automation.step.client.Scenario -->
