<?xml version="1.0" encoding="UTF-8"?>
<!-- Generated by org.testng.reporters.JUnitReportReporter -->
<testsuite name="com.qmetry.qaf.automation.step.client.Scenario" tests="7" time="602.871" ignored="2" failures="0" timestamp="04 Jan 2019 10:39:15 GMT" skipped="0" hostname="ICPL12616" errors="0">
  <testcase name="Click contact and verify information" time="9.498" classname="com.qmetry.qaf.automation.step.client.Scenario"/>
  <testcase name="Logout from Dashboard" time="46.669" classname="com.qmetry.qaf.automation.step.client.Scenario"/>
  <testcase name="Login to Dashboard with username and password" time="178.548" classname="com.qmetry.qaf.automation.step.client.Scenario"/>
  <testcase name="Logout from Dashboard" time="179.587" classname="com.qmetry.qaf.automation.step.client.Scenario"/>
  <testcase name="Navigate to story page" time="9.444" classname="com.qmetry.qaf.automation.step.client.Scenario"/>
  <testcase name="Login to Dashboard with username and password" time="171.002" classname="com.qmetry.qaf.automation.step.client.Scenario"/>
  <testcase name="Navigate to story page" time="8.123" classname="com.qmetry.qaf.automation.step.client.Scenario"/>
  <testcase name="Login with invalid username or/and password" classname="com.qmetry.qaf.automation.step.client.DataDrivenScenario">
    <skipped/>
  </testcase> <!-- Login with invalid username or/and password -->
  <testcase name="Click signon and create user" classname="com.qmetry.qaf.automation.step.client.DataDrivenScenario">
    <skipped/>
  </testcase> <!-- Click signon and create user -->
</testsuite> <!-- com.qmetry.qaf.automation.step.client.Scenario -->
