<?xml version="1.0" encoding="UTF-8"?>
<!-- Generated by org.testng.reporters.JUnitReportReporter -->
<testsuite name="com.qmetry.qaf.automation.step.client.DataDrivenScenario" tests="4" time="162.777" ignored="2" failures="0" timestamp="04 Jan 2019 10:39:15 GMT" skipped="0" hostname="ICPL12616" errors="0">
  <testcase name="Click signon and create user" time="146.989" classname="com.qmetry.qaf.automation.step.client.DataDrivenScenario"/>
  <testcase name="Login with invalid username or/and password" time="3.836" classname="com.qmetry.qaf.automation.step.client.DataDrivenScenario"/>
  <testcase name="Login with invalid username or/and password" time="3.859" classname="com.qmetry.qaf.automation.step.client.DataDrivenScenario"/>
  <testcase name="Login with invalid username or/and password" time="8.093" classname="com.qmetry.qaf.automation.step.client.DataDrivenScenario"/>
  <testcase name="Login with invalid username or/and password" classname="com.qmetry.qaf.automation.step.client.DataDrivenScenario">
    <skipped/>
  </testcase> <!-- Login with invalid username or/and password -->
  <testcase name="Click signon and create user" classname="com.qmetry.qaf.automation.step.client.DataDrivenScenario">
    <skipped/>
  </testcase> <!-- Click signon and create user -->
</testsuite> <!-- com.qmetry.qaf.automation.step.client.DataDrivenScenario -->
